<?xml version="1.0" encoding="UTF-8"?>
<!-- Generated by org.testng.reporters.JUnitReportReporter -->
<testsuite hostname="DESKTOP-F5746OV" name="SeleniumIntegration.CalculatorAutomation" tests="1" failures="0" timestamp="11 Jun 2020 10:52:56 GMT" time="6.783" errors="0">
  <testcase name="SubtractFunction" time="6.783" classname="SeleniumIntegration.CalculatorAutomation"/>
</testsuite> <!-- SeleniumIntegration.CalculatorAutomation -->
