<?xml version="1.0" encoding="UTF-8"?>
<!-- Generated by org.testng.reporters.JUnitReportReporter -->
<testsuite hostname="DESKTOP-F5746OV" name="SeleniumIntegration.CalculatorAutomation" tests="4" failures="0" timestamp="25 Jun 2020 05:26:39 GMT" time="18.679" errors="0">
  <testcase name="AddFunction" time="2.848" classname="SeleniumIntegration.CalculatorAutomation"/>
  <testcase name="SubtractFunction" time="8.444" classname="SeleniumIntegration.CalculatorAutomation"/>
  <testcase name="Divide" time="3.656" classname="SeleniumIntegration.CalculatorAutomation"/>
  <testcase name="Multi" time="3.731" classname="SeleniumIntegration.CalculatorAutomation"/>
</testsuite> <!-- SeleniumIntegration.CalculatorAutomation -->
