<?xml version="1.0" encoding="UTF-8"?>
<!-- Generated by org.testng.reporters.JUnitReportReporter -->
<testsuite hostname="DESKTOP-F5746OV" name="SeleniumIntegration.LaunchApplication" tests="1" failures="0" timestamp="11 Jun 2020 05:39:19 GMT" time="3.805" errors="0">
  <testcase name="FindElements" time="3.805" classname="SeleniumIntegration.LaunchApplication"/>
</testsuite> <!-- SeleniumIntegration.LaunchApplication -->
