<?xml version="1.0" encoding="UTF-8"?>
<!-- Generated by org.testng.reporters.JUnitReportReporter -->
<testsuite hostname="DESKTOP-F5746OV" name="SeleniumIntegration.MISNagalandAutomation" tests="4" failures="0" timestamp="1 Jul 2020 15:14:50 GMT" time="46.174" errors="0">
  <testcase name="Login" time="7.060" classname="SeleniumIntegration.MISNagalandAutomation"/>
  <testcase name="Download" time="2.227" classname="SeleniumIntegration.MISNagalandAutomation"/>
  <testcase name="Update" time="28.141" classname="SeleniumIntegration.MISNagalandAutomation"/>
  <testcase name="AllowPermissions" time="8.746" classname="SeleniumIntegration.MISNagalandAutomation"/>
</testsuite> <!-- SeleniumIntegration.MISNagalandAutomation -->
