<?xml version="1.0" encoding="UTF-8"?>
<!-- Generated by org.testng.reporters.JUnitReportReporter -->
<testsuite hostname="DESKTOP-F5746OV" name="SeleniumIntegration.MISNagalandAutomation" tests="5" failures="0" timestamp="3 Jul 2020 05:31:30 GMT" time="131.556" errors="0">
  <testcase name="Login" time="6.513" classname="SeleniumIntegration.MISNagalandAutomation"/>
  <testcase name="Download" time="21.764" classname="SeleniumIntegration.MISNagalandAutomation"/>
  <testcase name="Profile" time="25.749" classname="SeleniumIntegration.MISNagalandAutomation"/>
  <testcase name="AllowPermissions" time="9.072" classname="SeleniumIntegration.MISNagalandAutomation"/>
  <testcase name="Update" time="68.458" classname="SeleniumIntegration.MISNagalandAutomation"/>
</testsuite> <!-- SeleniumIntegration.MISNagalandAutomation -->
