<?xml version="1.0" encoding="UTF-8"?>
<!-- Generated by org.testng.reporters.JUnitReportReporter -->
<testsuite hostname="DESKTOP-F5746OV" name="SeleniumIntegration.CalculatorAutomation" tests="2" failures="0" timestamp="19 Jun 2020 05:50:18 GMT" time="11.179" errors="0">
  <testcase name="AddFunction" time="3.454" classname="SeleniumIntegration.CalculatorAutomation"/>
  <testcase name="SubtractFunction" time="7.725" classname="SeleniumIntegration.CalculatorAutomation"/>
</testsuite> <!-- SeleniumIntegration.CalculatorAutomation -->
