<?xml version="1.0" encoding="UTF-8"?>
<!-- Generated by org.testng.reporters.JUnitReportReporter -->
<testsuite hostname="DESKTOP-F5746OV" name="SeleniumIntegration.MISNagalandAutomation" tests="4" failures="0" timestamp="29 Jun 2020 12:25:57 GMT" time="6.284" errors="0">
  <testcase name="AllowPermissions" time="6.284" classname="SeleniumIntegration.MISNagalandAutomation"/>
  <testcase name="Divide" time="0.000" classname="SeleniumIntegration.MISNagalandAutomation"/>
  <testcase name="SubtractFunction" time="0.000" classname="SeleniumIntegration.MISNagalandAutomation"/>
  <testcase name="Multi" time="0.000" classname="SeleniumIntegration.MISNagalandAutomation"/>
</testsuite> <!-- SeleniumIntegration.MISNagalandAutomation -->
