<?xml version="1.0" encoding="UTF-8"?>
<!-- Generated by org.testng.reporters.JUnitReportReporter -->
<testsuite hostname="DESKTOP-F5746OV" name="SeleniumIntegration.MISNagalandAutomation" tests="3" failures="0" timestamp="30 Jun 2020 11:38:40 GMT" time="41.960" errors="0">
  <testcase name="AllowPermissions" time="9.199" classname="SeleniumIntegration.MISNagalandAutomation"/>
  <testcase name="Profile" time="26.202" classname="SeleniumIntegration.MISNagalandAutomation"/>
  <testcase name="Login" time="6.559" classname="SeleniumIntegration.MISNagalandAutomation"/>
</testsuite> <!-- SeleniumIntegration.MISNagalandAutomation -->
