<?xml version="1.0" encoding="UTF-8"?>
<!-- Generated by org.testng.reporters.JUnitReportReporter -->
<testsuite hostname="DESKTOP-F5746OV" name="SeleniumIntegration.CalculatorAutomation" tests="4" failures="0" timestamp="29 Jun 2020 12:17:42 GMT" time="0.015" errors="0">
  <testcase name="AddFunction" time="0.015" classname="SeleniumIntegration.CalculatorAutomation"/>
  <testcase name="Multi" time="0.000" classname="SeleniumIntegration.CalculatorAutomation"/>
  <testcase name="SubtractFunction" time="0.000" classname="SeleniumIntegration.CalculatorAutomation"/>
  <testcase name="Divide" time="0.000" classname="SeleniumIntegration.CalculatorAutomation"/>
</testsuite> <!-- SeleniumIntegration.CalculatorAutomation -->
